<?xml version="1.0" encoding="UTF-8"?>
<testng-results skipped="0" failed="3" ignored="0" total="4" passed="1">
  <reporter-output>
  </reporter-output>
  <suite name="Default suite" duration-ms="579311" started-at="2019-04-25T18:38:58Z" finished-at="2019-04-25T18:48:38Z">
    <groups>
    </groups>
    <test name="Default test" duration-ms="579311" started-at="2019-04-25T18:38:58Z" finished-at="2019-04-25T18:48:38Z">
      <class name="com.zoopla.testpages.ZooplaTest">
        <test-method status="PASS" signature="initBrowser()[pri:0, instance:com.zoopla.testpages.ZooplaTest@402a079c]" name="initBrowser" is-config="true" duration-ms="143369" started-at="2019-04-25T18:38:58Z" finished-at="2019-04-25T18:41:22Z">
          <reporter-output>
          </reporter-output>
        </test-method> <!-- initBrowser -->
        <test-method status="FAIL" signature="verifyHomePageTittle()[pri:1, instance:com.zoopla.testpages.ZooplaTest@402a079c]" name="verifyHomePageTittle" duration-ms="55" started-at="2019-04-25T18:41:22Z" finished-at="2019-04-25T18:41:22Z">
          <exception class="java.lang.AssertionError">
            <message>
              <![CDATA[Tittle mismatched expected [Property for Sale in London - Buy Properties in London - Zoopla] but found [Zoopla > Search Property to Buy, Rent, House Prices, Estate Agents]]]>
            </message>
            <full-stacktrace>
              <![CDATA[java.lang.AssertionError: Tittle mismatched expected [Property for Sale in London - Buy Properties in London - Zoopla] but found [Zoopla > Search Property to Buy, Rent, House Prices, Estate Agents]
at org.testng.Assert.fail(Assert.java:96)
at org.testng.Assert.failNotEquals(Assert.java:776)
at org.testng.Assert.assertEqualsImpl(Assert.java:137)
at org.testng.Assert.assertEquals(Assert.java:118)
at org.testng.Assert.assertEquals(Assert.java:453)
at com.zoopla.testpages.ZooplaTest.verifyHomePageTittle(ZooplaTest.java:45)
at sun.reflect.NativeMethodAccessorImpl.invoke0(Native Method)
at sun.reflect.NativeMethodAccessorImpl.invoke(NativeMethodAccessorImpl.java:62)
at sun.reflect.DelegatingMethodAccessorImpl.invoke(DelegatingMethodAccessorImpl.java:43)
at java.lang.reflect.Method.invoke(Method.java:498)
at org.testng.internal.MethodInvocationHelper.invokeMethod(MethodInvocationHelper.java:124)
at org.testng.internal.Invoker.invokeMethod(Invoker.java:580)
at org.testng.internal.Invoker.invokeTestMethod(Invoker.java:716)
at org.testng.internal.Invoker.invokeTestMethods(Invoker.java:988)
at org.testng.internal.TestMethodWorker.invokeTestMethods(TestMethodWorker.java:125)
at org.testng.internal.TestMethodWorker.run(TestMethodWorker.java:109)
at org.testng.TestRunner.privateRun(TestRunner.java:648)
at org.testng.TestRunner.run(TestRunner.java:505)
at org.testng.SuiteRunner.runTest(SuiteRunner.java:455)
at org.testng.SuiteRunner.runSequentially(SuiteRunner.java:450)
at org.testng.SuiteRunner.privateRun(SuiteRunner.java:415)
at org.testng.SuiteRunner.run(SuiteRunner.java:364)
at org.testng.SuiteRunnerWorker.runSuite(SuiteRunnerWorker.java:52)
at org.testng.SuiteRunnerWorker.run(SuiteRunnerWorker.java:84)
at org.testng.TestNG.runSuitesSequentially(TestNG.java:1208)
at org.testng.TestNG.runSuitesLocally(TestNG.java:1137)
at org.testng.TestNG.runSuites(TestNG.java:1049)
at org.testng.TestNG.run(TestNG.java:1017)
at org.testng.remote.AbstractRemoteTestNG.run(AbstractRemoteTestNG.java:114)
at org.testng.remote.RemoteTestNG.initAndRun(RemoteTestNG.java:251)
at org.testng.remote.RemoteTestNG.main(RemoteTestNG.java:77)
]]>
            </full-stacktrace>
          </exception> <!-- java.lang.AssertionError -->
          <reporter-output>
          </reporter-output>
        </test-method> <!-- verifyHomePageTittle -->
        <test-method status="PASS" signature="tearDown()[pri:0, instance:com.zoopla.testpages.ZooplaTest@402a079c]" name="tearDown" is-config="true" duration-ms="297" started-at="2019-04-25T18:41:23Z" finished-at="2019-04-25T18:41:23Z">
          <reporter-output>
          </reporter-output>
        </test-method> <!-- tearDown -->
        <test-method status="PASS" signature="initBrowser()[pri:0, instance:com.zoopla.testpages.ZooplaTest@402a079c]" name="initBrowser" is-config="true" duration-ms="130176" started-at="2019-04-25T18:41:23Z" finished-at="2019-04-25T18:43:34Z">
          <reporter-output>
          </reporter-output>
        </test-method> <!-- initBrowser -->
        <test-method status="PASS" signature="validatePropertyPriceDESC()[pri:2, instance:com.zoopla.testpages.ZooplaTest@402a079c]" name="validatePropertyPriceDESC" duration-ms="11790" started-at="2019-04-25T18:43:34Z" finished-at="2019-04-25T18:43:45Z">
          <reporter-output>
          </reporter-output>
        </test-method> <!-- validatePropertyPriceDESC -->
        <test-method status="PASS" signature="tearDown()[pri:0, instance:com.zoopla.testpages.ZooplaTest@402a079c]" name="tearDown" is-config="true" duration-ms="2384" started-at="2019-04-25T18:43:45Z" finished-at="2019-04-25T18:43:48Z">
          <reporter-output>
          </reporter-output>
        </test-method> <!-- tearDown -->
        <test-method status="PASS" signature="initBrowser()[pri:0, instance:com.zoopla.testpages.ZooplaTest@402a079c]" name="initBrowser" is-config="true" duration-ms="130527" started-at="2019-04-25T18:43:48Z" finished-at="2019-04-25T18:45:58Z">
          <reporter-output>
          </reporter-output>
        </test-method> <!-- initBrowser -->
        <test-method status="FAIL" signature="getAgentDetailsFifthProperty()[pri:3, instance:com.zoopla.testpages.ZooplaTest@402a079c]" name="getAgentDetailsFifthProperty" duration-ms="9983" started-at="2019-04-25T18:45:58Z" finished-at="2019-04-25T18:46:08Z">
          <exception class="java.lang.IndexOutOfBoundsException">
            <message>
              <![CDATA[Index: 4, Size: 0]]>
            </message>
            <full-stacktrace>
              <![CDATA[java.lang.IndexOutOfBoundsException: Index: 4, Size: 0
at java.util.ArrayList.rangeCheck(ArrayList.java:653)
at java.util.ArrayList.get(ArrayList.java:429)
at com.zoopla.pages.SearchPropertyPage.clickOnFifthPropertyPriceDESC(SearchPropertyPage.java:50)
at com.zoopla.testpages.ZooplaTest.getAgentDetailsFifthProperty(ZooplaTest.java:57)
at sun.reflect.NativeMethodAccessorImpl.invoke0(Native Method)
at sun.reflect.NativeMethodAccessorImpl.invoke(NativeMethodAccessorImpl.java:62)
at sun.reflect.DelegatingMethodAccessorImpl.invoke(DelegatingMethodAccessorImpl.java:43)
at java.lang.reflect.Method.invoke(Method.java:498)
at org.testng.internal.MethodInvocationHelper.invokeMethod(MethodInvocationHelper.java:124)
at org.testng.internal.Invoker.invokeMethod(Invoker.java:580)
at org.testng.internal.Invoker.invokeTestMethod(Invoker.java:716)
at org.testng.internal.Invoker.invokeTestMethods(Invoker.java:988)
at org.testng.internal.TestMethodWorker.invokeTestMethods(TestMethodWorker.java:125)
at org.testng.internal.TestMethodWorker.run(TestMethodWorker.java:109)
at org.testng.TestRunner.privateRun(TestRunner.java:648)
at org.testng.TestRunner.run(TestRunner.java:505)
at org.testng.SuiteRunner.runTest(SuiteRunner.java:455)
at org.testng.SuiteRunner.runSequentially(SuiteRunner.java:450)
at org.testng.SuiteRunner.privateRun(SuiteRunner.java:415)
at org.testng.SuiteRunner.run(SuiteRunner.java:364)
at org.testng.SuiteRunnerWorker.runSuite(SuiteRunnerWorker.java:52)
at org.testng.SuiteRunnerWorker.run(SuiteRunnerWorker.java:84)
at org.testng.TestNG.runSuitesSequentially(TestNG.java:1208)
at org.testng.TestNG.runSuitesLocally(TestNG.java:1137)
at org.testng.TestNG.runSuites(TestNG.java:1049)
at org.testng.TestNG.run(TestNG.java:1017)
at org.testng.remote.AbstractRemoteTestNG.run(AbstractRemoteTestNG.java:114)
at org.testng.remote.RemoteTestNG.initAndRun(RemoteTestNG.java:251)
at org.testng.remote.RemoteTestNG.main(RemoteTestNG.java:77)
]]>
            </full-stacktrace>
          </exception> <!-- java.lang.IndexOutOfBoundsException -->
          <reporter-output>
          </reporter-output>
        </test-method> <!-- getAgentDetailsFifthProperty -->
        <test-method status="PASS" signature="tearDown()[pri:0, instance:com.zoopla.testpages.ZooplaTest@402a079c]" name="tearDown" is-config="true" duration-ms="2329" started-at="2019-04-25T18:46:09Z" finished-at="2019-04-25T18:46:11Z">
          <reporter-output>
          </reporter-output>
        </test-method> <!-- tearDown -->
        <test-method status="PASS" signature="initBrowser()[pri:0, instance:com.zoopla.testpages.ZooplaTest@402a079c]" name="initBrowser" is-config="true" duration-ms="130659" started-at="2019-04-25T18:46:11Z" finished-at="2019-04-25T18:48:22Z">
          <reporter-output>
          </reporter-output>
        </test-method> <!-- initBrowser -->
        <test-method status="FAIL" signature="validateAgentDetails()[pri:4, instance:com.zoopla.testpages.ZooplaTest@402a079c]" name="validateAgentDetails" duration-ms="12701" started-at="2019-04-25T18:48:22Z" finished-at="2019-04-25T18:48:35Z">
          <exception class="java.lang.IndexOutOfBoundsException">
            <message>
              <![CDATA[Index: 4, Size: 0]]>
            </message>
            <full-stacktrace>
              <![CDATA[java.lang.IndexOutOfBoundsException: Index: 4, Size: 0
at java.util.ArrayList.rangeCheck(ArrayList.java:653)
at java.util.ArrayList.get(ArrayList.java:429)
at com.zoopla.pages.SearchPropertyPage.clickOnFifthPropertyPriceDESC(SearchPropertyPage.java:50)
at com.zoopla.testpages.ZooplaTest.validateAgentDetails(ZooplaTest.java:67)
at sun.reflect.NativeMethodAccessorImpl.invoke0(Native Method)
at sun.reflect.NativeMethodAccessorImpl.invoke(NativeMethodAccessorImpl.java:62)
at sun.reflect.DelegatingMethodAccessorImpl.invoke(DelegatingMethodAccessorImpl.java:43)
at java.lang.reflect.Method.invoke(Method.java:498)
at org.testng.internal.MethodInvocationHelper.invokeMethod(MethodInvocationHelper.java:124)
at org.testng.internal.Invoker.invokeMethod(Invoker.java:580)
at org.testng.internal.Invoker.invokeTestMethod(Invoker.java:716)
at org.testng.internal.Invoker.invokeTestMethods(Invoker.java:988)
at org.testng.internal.TestMethodWorker.invokeTestMethods(TestMethodWorker.java:125)
at org.testng.internal.TestMethodWorker.run(TestMethodWorker.java:109)
at org.testng.TestRunner.privateRun(TestRunner.java:648)
at org.testng.TestRunner.run(TestRunner.java:505)
at org.testng.SuiteRunner.runTest(SuiteRunner.java:455)
at org.testng.SuiteRunner.runSequentially(SuiteRunner.java:450)
at org.testng.SuiteRunner.privateRun(SuiteRunner.java:415)
at org.testng.SuiteRunner.run(SuiteRunner.java:364)
at org.testng.SuiteRunnerWorker.runSuite(SuiteRunnerWorker.java:52)
at org.testng.SuiteRunnerWorker.run(SuiteRunnerWorker.java:84)
at org.testng.TestNG.runSuitesSequentially(TestNG.java:1208)
at org.testng.TestNG.runSuitesLocally(TestNG.java:1137)
at org.testng.TestNG.runSuites(TestNG.java:1049)
at org.testng.TestNG.run(TestNG.java:1017)
at org.testng.remote.AbstractRemoteTestNG.run(AbstractRemoteTestNG.java:114)
at org.testng.remote.RemoteTestNG.initAndRun(RemoteTestNG.java:251)
at org.testng.remote.RemoteTestNG.main(RemoteTestNG.java:77)
]]>
            </full-stacktrace>
          </exception> <!-- java.lang.IndexOutOfBoundsException -->
          <reporter-output>
          </reporter-output>
        </test-method> <!-- validateAgentDetails -->
        <test-method status="PASS" signature="tearDown()[pri:0, instance:com.zoopla.testpages.ZooplaTest@402a079c]" name="tearDown" is-config="true" duration-ms="2240" started-at="2019-04-25T18:48:35Z" finished-at="2019-04-25T18:48:38Z">
          <reporter-output>
          </reporter-output>
        </test-method> <!-- tearDown -->
      </class> <!-- com.zoopla.testpages.ZooplaTest -->
    </test> <!-- Default test -->
  </suite> <!-- Default suite -->
</testng-results>
